{
  "RSpec": {
    "coverage": {
      "/home/mateus/projects/sistema-de-estoque-e-vendas/app/models/user.rb": {
        "lines": [
          null,
          null,
          1,
          null,
          null,
          1,
          null,
          1,
          1,
          1,
          1,
          null,
          null,
          1,
          null
        ]
      },
      "/home/mateus/projects/sistema-de-estoque-e-vendas/app/models/application_record.rb": {
        "lines": [
          null,
          null,
          1,
          1,
          null
        ]
      },
      "/home/mateus/projects/sistema-de-estoque-e-vendas/app/helpers/application_helper.rb": {
        "lines": [
          null,
          null,
          1,
          null
        ]
      },
      "/home/mateus/projects/sistema-de-estoque-e-vendas/app/helpers/heroicon_helper.rb": {
        "lines": [
          null,
          null,
          1,
          1,
          null
        ]
      },
      "/home/mateus/projects/sistema-de-estoque-e-vendas/app/helpers/pages_helper.rb": {
        "lines": [
          null,
          null,
          1,
          null
        ]
      },
      "/home/mateus/projects/sistema-de-estoque-e-vendas/app/models/product.rb": {
        "lines": [
          null,
          null,
          1,
          1,
          1,
          1,
          null
        ]
      },
      "/home/mateus/projects/sistema-de-estoque-e-vendas/app/models/sale.rb": {
        "lines": [
          null,
          null,
          1,
          1,
          1,
          null,
          1,
          1,
          1,
          null,
          1,
          null,
          1,
          null,
          1,
          16,
          null,
          null,
          1,
          12,
          null,
          null,
          1,
          12,
          null,
          null
        ]
      },
      "/home/mateus/projects/sistema-de-estoque-e-vendas/app/policies/product_policy.rb": {
        "lines": [
          null,
          null,
          1,
          1,
          2,
          null,
          null,
          1,
          2,
          null,
          null,
          1,
          8,
          null,
          null,
          1,
          2,
          null,
          null,
          1,
          10,
          null,
          null,
          1,
          8,
          null,
          null,
          1,
          8,
          null,
          null
        ]
      },
      "/home/mateus/projects/sistema-de-estoque-e-vendas/app/policies/application_policy.rb": {
        "lines": [
          null,
          null,
          1,
          1,
          null,
          1,
          25,
          25,
          null,
          null,
          1,
          0,
          null,
          null,
          1,
          0,
          null,
          null,
          1,
          0,
          null,
          null,
          1,
          0,
          null,
          null,
          1,
          0,
          null,
          null,
          1,
          0,
          null,
          null,
          1,
          0,
          null,
          null,
          1,
          1,
          0,
          0,
          null,
          null,
          1,
          0,
          null,
          null,
          1,
          null,
          1,
          null,
          null
        ]
      },
      "/home/mateus/projects/sistema-de-estoque-e-vendas/app/controllers/admin/dashboard_controller.rb": {
        "lines": [
          null,
          null,
          null,
          1,
          1,
          1,
          null,
          null,
          1,
          3,
          3,
          null,
          null
        ]
      },
      "/home/mateus/projects/sistema-de-estoque-e-vendas/app/controllers/application_controller.rb": {
        "lines": [
          null,
          null,
          1,
          1,
          1,
          1,
          1,
          null,
          1,
          null,
          1,
          4,
          4,
          null,
          null,
          1,
          null,
          1,
          1,
          null,
          null,
          1,
          1,
          null,
          null
        ]
      },
      "/home/mateus/projects/sistema-de-estoque-e-vendas/app/controllers/concerns/admin_authorization.rb": {
        "lines": [
          null,
          null,
          1,
          1,
          null,
          1,
          1,
          null,
          null,
          1,
          null,
          1,
          6,
          3,
          1,
          null,
          2,
          null,
          null,
          null,
          null
        ]
      },
      "/home/mateus/projects/sistema-de-estoque-e-vendas/app/controllers/pages_controller.rb": {
        "lines": [
          null,
          null,
          1,
          1,
          4,
          3,
          null,
          1,
          null,
          null,
          null
        ]
      },
      "/home/mateus/projects/sistema-de-estoque-e-vendas/app/controllers/products_controller.rb": {
        "lines": [
          null,
          null,
          1,
          1,
          1,
          null,
          1,
          4,
          null,
          null,
          1,
          0,
          0,
          null,
          null,
          1,
          0,
          null,
          null,
          1,
          4,
          4,
          2,
          3,
          2,
          null,
          null,
          2,
          3,
          2,
          1,
          null,
          null,
          null,
          null,
          null,
          null,
          null,
          null,
          null,
          null,
          1,
          2,
          2,
          2,
          1,
          null,
          2,
          1,
          0,
          null,
          null,
          null,
          null,
          null,
          null,
          null,
          null,
          null,
          1,
          1,
          1,
          2,
          1,
          null,
          null,
          null,
          1,
          3,
          null,
          null,
          1,
          null,
          1,
          6,
          null,
          null
        ]
      },
      "/home/mateus/projects/sistema-de-estoque-e-vendas/app/controllers/admin/reports_controller.rb": {
        "lines": [
          null,
          null,
          1,
          1,
          null,
          1,
          1,
          1,
          1,
          null,
          null
        ]
      },
      "/home/mateus/projects/sistema-de-estoque-e-vendas/app/controllers/sales_controller.rb": {
        "lines": [
          null,
          null,
          1,
          1,
          1,
          null,
          1,
          2,
          null,
          null,
          1,
          0,
          null,
          null,
          1,
          2,
          2,
          2,
          2,
          1,
          2,
          1,
          0,
          null,
          null,
          null,
          null,
          null,
          1,
          1,
          1,
          0,
          0,
          null,
          null,
          1,
          2,
          1,
          0,
          null,
          null,
          null,
          null,
          null,
          null,
          null,
          null,
          1,
          1,
          null,
          null,
          1,
          2,
          1,
          1,
          2,
          1,
          null,
          null,
          null,
          1,
          3,
          null,
          null,
          1,
          null,
          1,
          2,
          null,
          null
        ]
      },
      "/home/mateus/projects/sistema-de-estoque-e-vendas/app/policies/sale_policy.rb": {
        "lines": [
          null,
          null,
          1,
          1,
          1,
          null,
          null,
          1,
          5,
          null,
          null,
          1,
          0,
          null,
          null
        ]
      },
      "/home/mateus/projects/sistema-de-estoque-e-vendas/app/controllers/admin/stock_reports_controller.rb": {
        "lines": [
          null,
          null,
          1,
          1,
          null,
          1,
          2,
          2,
          null,
          null
        ]
      },
      "/home/mateus/projects/sistema-de-estoque-e-vendas/app/controllers/home_controller.rb": {
        "lines": [
          null,
          null,
          1,
          1,
          null,
          null
        ]
      },
      "/home/mateus/projects/sistema-de-estoque-e-vendas/app/channels/application_cable/channel.rb": {
        "lines": [
          null,
          null,
          0,
          0,
          0,
          0
        ],
        "branches": {}
      },
      "/home/mateus/projects/sistema-de-estoque-e-vendas/app/channels/application_cable/connection.rb": {
        "lines": [
          null,
          null,
          0,
          0,
          0,
          0
        ],
        "branches": {}
      },
      "/home/mateus/projects/sistema-de-estoque-e-vendas/app/controllers/landing_controller.rb": {
        "lines": [
          null,
          null,
          0,
          0,
          0,
          0,
          0,
          0,
          0,
          0,
          0,
          0,
          0,
          0,
          0,
          0,
          0,
          0,
          0,
          0,
          0,
          0,
          0,
          0,
          0,
          0,
          0,
          0,
          0,
          0,
          0,
          0
        ],
        "branches": {}
      },
      "/home/mateus/projects/sistema-de-estoque-e-vendas/app/jobs/application_job.rb": {
        "lines": [
          null,
          null,
          0,
          null,
          null,
          null,
          null,
          null,
          0
        ],
        "branches": {}
      },
      "/home/mateus/projects/sistema-de-estoque-e-vendas/app/mailers/application_mailer.rb": {
        "lines": [
          null,
          null,
          0,
          0,
          0,
          0
        ],
        "branches": {}
      }
    },
    "timestamp": 1758395578
  }
}
